<?xml version="1.0" encoding="UTF-8"?>
<!-- Generated by org.testng.reporters.JUnitXMLReporter -->
<testsuite ignored="0" hostname="LAPTOP-NQG4B5CE" failures="0" tests="3" name="Test" time="31.11" errors="0" timestamp="2025-10-30T11:26:02 IST">
  <testcase classname="testcases.regression.ValidateLoginTestUsingExcel" name="validateLogin" time="1.113"/>
  <testcase classname="testcases.regression.ValidateLoginTestUsingExcel" name="validLoginTestCase2" time="1.416"/>
  <testcase classname="testcases.regression.ValidateLoginTestUsingExcel" name="validLoginTestCase3" time="4.426"/>
</testsuite> <!-- Test -->
