<?xml version="1.0" encoding="UTF-8"?>
<!-- Generated by org.testng.reporters.JUnitXMLReporter -->
<testsuite ignored="0" hostname="LAPTOP-NQG4B5CE" failures="0" tests="3" name="Test" time="56.627" errors="0" timestamp="2025-10-22T11:45:32 IST">
  <testcase classname="testcases.regression.ValidateLoginTestUsingExcel" name="validateLogin" time="1.541"/>
  <testcase classname="testcases.regression.ValidateLoginTestUsingExcel" name="validLoginTestCase2" time="0.75"/>
  <testcase classname="testcases.regression.ValidateLoginTestUsingExcel" name="validLoginTestCase3" time="5.728"/>
</testsuite> <!-- Test -->
