<?xml version="1.0" encoding="UTF-8"?>
<!-- Generated by org.testng.reporters.JUnitXMLReporter -->
<testsuite ignored="0" hostname="LAPTOP-NQG4B5CE" failures="0" tests="3" name="Test" time="33.366" errors="0" timestamp="2025-10-30T12:20:54 IST">
  <testcase classname="testcases.regression.ValidateLoginTestUsingExcel" name="validateLogin" time="1.186"/>
  <testcase classname="testcases.regression.ValidateLoginTestUsingExcel" name="validLoginTestCase2" time="0.522"/>
  <testcase classname="testcases.regression.ValidateLoginTestUsingExcel" name="validLoginTestCase3" time="4.494"/>
</testsuite> <!-- Test -->
