<?xml version="1.0" encoding="UTF-8"?>
<testng-results ignored="0" total="3" passed="3" failed="0" skipped="0">
  <reporter-output>
  </reporter-output>
  <suite started-at="2025-10-30T12:20:20 IST" name="Suite" finished-at="2025-10-30T12:20:54 IST" duration-ms="33366">
    <groups>
    </groups>
    <test started-at="2025-10-30T12:20:20 IST" name="Test" finished-at="2025-10-30T12:20:54 IST" duration-ms="33366">
      <class name="testcases.regression.ValidateLoginTestUsingExcel">
        <test-method is-config="true" signature="testSetup()[pri:0, instance:testcases.regression.ValidateLoginTestUsingExcel@16d04d3d]" started-at="2025-10-30T12:20:21 IST" name="testSetup" finished-at="2025-10-30T12:20:21 IST" duration-ms="19" status="PASS">
          <reporter-output>
          </reporter-output>
        </test-method> <!-- testSetup -->
        <test-method is-config="true" signature="setUp()[pri:0, instance:testcases.regression.ValidateLoginTestUsingExcel@16d04d3d]" started-at="2025-10-30T12:20:22 IST" name="setUp" finished-at="2025-10-30T12:20:32 IST" duration-ms="10392" status="PASS">
          <reporter-output>
          </reporter-output>
        </test-method> <!-- setUp -->
        <test-method signature="validateLogin(java.util.HashMap)[pri:1, instance:testcases.regression.ValidateLoginTestUsingExcel@16d04d3d]" started-at="2025-10-30T12:20:32 IST" name="validateLogin" data-provider="getData" finished-at="2025-10-30T12:20:33 IST" duration-ms="1186" status="PASS">
          <params>
            <param index="0">
              <value>
                <![CDATA[{expected Title=Adactin.com - Search Hotel, password=sayed1989, username=sayed1991}]]>
              </value>
            </param>
          </params>
          <reporter-output>
          </reporter-output>
        </test-method> <!-- validateLogin -->
        <test-method is-config="true" signature="tearDown()[pri:0, instance:testcases.regression.ValidateLoginTestUsingExcel@16d04d3d]" started-at="2025-10-30T12:20:33 IST" name="tearDown" finished-at="2025-10-30T12:20:36 IST" duration-ms="3330" status="PASS">
          <reporter-output>
          </reporter-output>
        </test-method> <!-- tearDown -->
        <test-method is-config="true" signature="setUp()[pri:0, instance:testcases.regression.ValidateLoginTestUsingExcel@16d04d3d]" started-at="2025-10-30T12:20:37 IST" name="setUp" finished-at="2025-10-30T12:20:39 IST" duration-ms="2734" status="PASS">
          <reporter-output>
          </reporter-output>
        </test-method> <!-- setUp -->
        <test-method signature="validLoginTestCase2(java.util.HashMap)[pri:2, instance:testcases.regression.ValidateLoginTestUsingExcel@16d04d3d]" started-at="2025-10-30T12:20:39 IST" name="validLoginTestCase2" data-provider="getData1" finished-at="2025-10-30T12:20:40 IST" duration-ms="522" status="PASS">
          <params>
            <param index="0">
              <value>
                <![CDATA[{expected Title=Adactin.com - Hotel Reservation System, password=sayed1983, username=sayed1991}]]>
              </value>
            </param>
          </params>
          <reporter-output>
          </reporter-output>
        </test-method> <!-- validLoginTestCase2 -->
        <test-method is-config="true" signature="tearDown()[pri:0, instance:testcases.regression.ValidateLoginTestUsingExcel@16d04d3d]" started-at="2025-10-30T12:20:40 IST" name="tearDown" finished-at="2025-10-30T12:20:43 IST" duration-ms="3170" status="PASS">
          <reporter-output>
          </reporter-output>
        </test-method> <!-- tearDown -->
        <test-method is-config="true" signature="setUp()[pri:0, instance:testcases.regression.ValidateLoginTestUsingExcel@16d04d3d]" started-at="2025-10-30T12:20:43 IST" name="setUp" finished-at="2025-10-30T12:20:46 IST" duration-ms="3171" status="PASS">
          <reporter-output>
          </reporter-output>
        </test-method> <!-- setUp -->
        <test-method signature="validLoginTestCase3(java.util.HashMap)[pri:3, instance:testcases.regression.ValidateLoginTestUsingExcel@16d04d3d]" started-at="2025-10-30T12:20:46 IST" name="validLoginTestCase3" data-provider="getData2" finished-at="2025-10-30T12:20:51 IST" duration-ms="4494" status="PASS">
          <params>
            <param index="0">
              <value>
                <![CDATA[{expected Title=Adactin.com - Search Hotel, hotel=Hotel Creek, password=sayed1989, location=Sydney, Check In Date=27/09/2024, username=sayed1991}]]>
              </value>
            </param>
          </params>
          <reporter-output>
          </reporter-output>
        </test-method> <!-- validLoginTestCase3 -->
        <test-method is-config="true" signature="tearDown()[pri:0, instance:testcases.regression.ValidateLoginTestUsingExcel@16d04d3d]" started-at="2025-10-30T12:20:51 IST" name="tearDown" finished-at="2025-10-30T12:20:54 IST" duration-ms="3173" status="PASS">
          <reporter-output>
          </reporter-output>
        </test-method> <!-- tearDown -->
      </class> <!-- testcases.regression.ValidateLoginTestUsingExcel -->
    </test> <!-- Test -->
  </suite> <!-- Suite -->
</testng-results>
