<?xml version="1.0" encoding="UTF-8"?>
<testng-results ignored="0" total="3" passed="3" failed="0" skipped="0">
  <reporter-output>
  </reporter-output>
  <suite started-at="2025-10-22T11:44:35 IST" name="Suite" finished-at="2025-10-22T11:45:32 IST" duration-ms="56627">
    <groups>
    </groups>
    <test started-at="2025-10-22T11:44:35 IST" name="Test" finished-at="2025-10-22T11:45:32 IST" duration-ms="56627">
      <class name="testcases.regression.ValidateLoginTestUsingExcel">
        <test-method is-config="true" signature="testSetup()[pri:0, instance:testcases.regression.ValidateLoginTestUsingExcel@16d04d3d]" started-at="2025-10-22T11:44:35 IST" name="testSetup" finished-at="2025-10-22T11:44:35 IST" duration-ms="19" status="PASS">
          <reporter-output>
          </reporter-output>
        </test-method> <!-- testSetup -->
        <test-method is-config="true" signature="setUp()[pri:0, instance:testcases.regression.ValidateLoginTestUsingExcel@16d04d3d]" started-at="2025-10-22T11:44:36 IST" name="setUp" finished-at="2025-10-22T11:45:02 IST" duration-ms="25804" status="PASS">
          <reporter-output>
          </reporter-output>
        </test-method> <!-- setUp -->
        <test-method signature="validateLogin(java.util.HashMap)[pri:1, instance:testcases.regression.ValidateLoginTestUsingExcel@16d04d3d]" started-at="2025-10-22T11:45:02 IST" name="validateLogin" data-provider="getData" finished-at="2025-10-22T11:45:04 IST" duration-ms="1541" status="PASS">
          <params>
            <param index="0">
              <value>
                <![CDATA[{expected Title=Adactin.com - Search Hotel, password=sayed1989, username=sayed1991}]]>
              </value>
            </param>
          </params>
          <reporter-output>
          </reporter-output>
        </test-method> <!-- validateLogin -->
        <test-method is-config="true" signature="tearDown()[pri:0, instance:testcases.regression.ValidateLoginTestUsingExcel@16d04d3d]" started-at="2025-10-22T11:45:04 IST" name="tearDown" finished-at="2025-10-22T11:45:07 IST" duration-ms="3266" status="PASS">
          <reporter-output>
          </reporter-output>
        </test-method> <!-- tearDown -->
        <test-method is-config="true" signature="setUp()[pri:0, instance:testcases.regression.ValidateLoginTestUsingExcel@16d04d3d]" started-at="2025-10-22T11:45:07 IST" name="setUp" finished-at="2025-10-22T11:45:12 IST" duration-ms="4539" status="PASS">
          <reporter-output>
          </reporter-output>
        </test-method> <!-- setUp -->
        <test-method signature="validLoginTestCase2(java.util.HashMap)[pri:2, instance:testcases.regression.ValidateLoginTestUsingExcel@16d04d3d]" started-at="2025-10-22T11:45:12 IST" name="validLoginTestCase2" data-provider="getData1" finished-at="2025-10-22T11:45:12 IST" duration-ms="750" status="PASS">
          <params>
            <param index="0">
              <value>
                <![CDATA[{expected Title=Adactin.com - Hotel Reservation System, password=sayed1983, username=sayed1991}]]>
              </value>
            </param>
          </params>
          <reporter-output>
          </reporter-output>
        </test-method> <!-- validLoginTestCase2 -->
        <test-method is-config="true" signature="tearDown()[pri:0, instance:testcases.regression.ValidateLoginTestUsingExcel@16d04d3d]" started-at="2025-10-22T11:45:12 IST" name="tearDown" finished-at="2025-10-22T11:45:16 IST" duration-ms="3323" status="PASS">
          <reporter-output>
          </reporter-output>
        </test-method> <!-- tearDown -->
        <test-method is-config="true" signature="setUp()[pri:0, instance:testcases.regression.ValidateLoginTestUsingExcel@16d04d3d]" started-at="2025-10-22T11:45:16 IST" name="setUp" finished-at="2025-10-22T11:45:23 IST" duration-ms="7074" status="PASS">
          <reporter-output>
          </reporter-output>
        </test-method> <!-- setUp -->
        <test-method signature="validLoginTestCase3(java.util.HashMap)[pri:3, instance:testcases.regression.ValidateLoginTestUsingExcel@16d04d3d]" started-at="2025-10-22T11:45:23 IST" name="validLoginTestCase3" data-provider="getData2" finished-at="2025-10-22T11:45:28 IST" duration-ms="5728" status="PASS">
          <params>
            <param index="0">
              <value>
                <![CDATA[{expected Title=Adactin.com - Search Hotel, hotel=Hotel Creek, password=sayed1989, location=Sydney, Check In Date=27/09/2024, username=sayed1991}]]>
              </value>
            </param>
          </params>
          <reporter-output>
          </reporter-output>
        </test-method> <!-- validLoginTestCase3 -->
        <test-method is-config="true" signature="tearDown()[pri:0, instance:testcases.regression.ValidateLoginTestUsingExcel@16d04d3d]" started-at="2025-10-22T11:45:28 IST" name="tearDown" finished-at="2025-10-22T11:45:32 IST" duration-ms="3283" status="PASS">
          <reporter-output>
          </reporter-output>
        </test-method> <!-- tearDown -->
      </class> <!-- testcases.regression.ValidateLoginTestUsingExcel -->
    </test> <!-- Test -->
  </suite> <!-- Suite -->
</testng-results>
