<?xml version="1.0" encoding="UTF-8"?>
<testng-results ignored="0" total="3" passed="3" failed="0" skipped="0">
  <reporter-output>
  </reporter-output>
  <suite started-at="2025-10-30T11:25:30 IST" name="Suite" finished-at="2025-10-30T11:26:02 IST" duration-ms="31110">
    <groups>
    </groups>
    <test started-at="2025-10-30T11:25:30 IST" name="Test" finished-at="2025-10-30T11:26:02 IST" duration-ms="31110">
      <class name="testcases.regression.ValidateLoginTestUsingExcel">
        <test-method is-config="true" signature="testSetup()[pri:0, instance:testcases.regression.ValidateLoginTestUsingExcel@183ec003]" started-at="2025-10-30T11:25:30 IST" name="testSetup" finished-at="2025-10-30T11:25:31 IST" duration-ms="46" status="PASS">
          <reporter-output>
          </reporter-output>
        </test-method> <!-- testSetup -->
        <test-method is-config="true" signature="setUp()[pri:0, instance:testcases.regression.ValidateLoginTestUsingExcel@183ec003]" started-at="2025-10-30T11:25:32 IST" name="setUp" finished-at="2025-10-30T11:25:39 IST" duration-ms="7121" status="PASS">
          <reporter-output>
          </reporter-output>
        </test-method> <!-- setUp -->
        <test-method signature="validateLogin(java.util.HashMap)[pri:1, instance:testcases.regression.ValidateLoginTestUsingExcel@183ec003]" started-at="2025-10-30T11:25:39 IST" name="validateLogin" data-provider="getData" finished-at="2025-10-30T11:25:40 IST" duration-ms="1113" status="PASS">
          <params>
            <param index="0">
              <value>
                <![CDATA[{expected Title=Adactin.com - Search Hotel, password=sayed1989, username=sayed1991}]]>
              </value>
            </param>
          </params>
          <reporter-output>
          </reporter-output>
        </test-method> <!-- validateLogin -->
        <test-method is-config="true" signature="tearDown()[pri:0, instance:testcases.regression.ValidateLoginTestUsingExcel@183ec003]" started-at="2025-10-30T11:25:40 IST" name="tearDown" finished-at="2025-10-30T11:25:43 IST" duration-ms="3260" status="PASS">
          <reporter-output>
          </reporter-output>
        </test-method> <!-- tearDown -->
        <test-method is-config="true" signature="setUp()[pri:0, instance:testcases.regression.ValidateLoginTestUsingExcel@183ec003]" started-at="2025-10-30T11:25:43 IST" name="setUp" finished-at="2025-10-30T11:25:46 IST" duration-ms="3037" status="PASS">
          <reporter-output>
          </reporter-output>
        </test-method> <!-- setUp -->
        <test-method signature="validLoginTestCase2(java.util.HashMap)[pri:2, instance:testcases.regression.ValidateLoginTestUsingExcel@183ec003]" started-at="2025-10-30T11:25:46 IST" name="validLoginTestCase2" data-provider="getData1" finished-at="2025-10-30T11:25:48 IST" duration-ms="1416" status="PASS">
          <params>
            <param index="0">
              <value>
                <![CDATA[{expected Title=Adactin.com - Hotel Reservation System, password=sayed1983, username=sayed1991}]]>
              </value>
            </param>
          </params>
          <reporter-output>
          </reporter-output>
        </test-method> <!-- validLoginTestCase2 -->
        <test-method is-config="true" signature="tearDown()[pri:0, instance:testcases.regression.ValidateLoginTestUsingExcel@183ec003]" started-at="2025-10-30T11:25:48 IST" name="tearDown" finished-at="2025-10-30T11:25:51 IST" duration-ms="3237" status="PASS">
          <reporter-output>
          </reporter-output>
        </test-method> <!-- tearDown -->
        <test-method is-config="true" signature="setUp()[pri:0, instance:testcases.regression.ValidateLoginTestUsingExcel@183ec003]" started-at="2025-10-30T11:25:51 IST" name="setUp" finished-at="2025-10-30T11:25:54 IST" duration-ms="3050" status="PASS">
          <reporter-output>
          </reporter-output>
        </test-method> <!-- setUp -->
        <test-method signature="validLoginTestCase3(java.util.HashMap)[pri:3, instance:testcases.regression.ValidateLoginTestUsingExcel@183ec003]" started-at="2025-10-30T11:25:54 IST" name="validLoginTestCase3" data-provider="getData2" finished-at="2025-10-30T11:25:58 IST" duration-ms="4426" status="PASS">
          <params>
            <param index="0">
              <value>
                <![CDATA[{password=sayed1989, Check In Date=27/09/2024, expected Title=Adactin.com - Search Hotel, hotel=Hotel Creek, location=Sydney, username=sayed1991}]]>
              </value>
            </param>
          </params>
          <reporter-output>
          </reporter-output>
        </test-method> <!-- validLoginTestCase3 -->
        <test-method is-config="true" signature="tearDown()[pri:0, instance:testcases.regression.ValidateLoginTestUsingExcel@183ec003]" started-at="2025-10-30T11:25:58 IST" name="tearDown" finished-at="2025-10-30T11:26:02 IST" duration-ms="3219" status="PASS">
          <reporter-output>
          </reporter-output>
        </test-method> <!-- tearDown -->
      </class> <!-- testcases.regression.ValidateLoginTestUsingExcel -->
    </test> <!-- Test -->
  </suite> <!-- Suite -->
</testng-results>
